0 verbose cli C:\Program Files\nodejs\node.exe C:\Program Files\nodejs\node_modules\npm\bin\npm-cli.js
1 info using npm@9.6.7
2 info using node@v18.17.1
3 timing npm:load:whichnode Completed in 61ms
4 timing config:load:defaults Completed in 151ms
5 timing config:load:file:C:\Program Files\nodejs\node_modules\npm\npmrc Completed in 30ms
6 timing config:load:builtin Completed in 31ms
7 timing config:load:cli Completed in 6ms
8 timing config:load:env Completed in 2ms
9 timing config:load:project Completed in 27ms
10 timing config:load:file:C:\Users\Ndeye Nini\.npmrc Completed in 1ms
11 timing config:load:user Completed in 1ms
12 timing config:load:file:C:\Users\Ndeye Nini\AppData\Roaming\npm\etc\npmrc Completed in 2ms
13 timing config:load:global Completed in 3ms
14 timing config:load:setEnvs Completed in 2ms
15 timing config:load Completed in 226ms
16 timing npm:load:configload Completed in 227ms
17 timing npm:load:mkdirpcache Completed in 2ms
18 timing npm:load:mkdirplogs Completed in 1ms
19 verbose title npm prefix
20 verbose argv "prefix" "--global"
21 timing npm:load:setTitle Completed in 6ms
22 timing config:load:flatten Completed in 32ms
23 timing npm:load:display Completed in 35ms
24 verbose logfile logs-max:10 dir:C:\Users\Ndeye Nini\Desktop\mon site\Devnpm-repositorynpm-cache\_logs\2023-10-29T18_28_22_019Z-
25 verbose logfile C:\Users\Ndeye Nini\Desktop\mon site\Devnpm-repositorynpm-cache\_logs\2023-10-29T18_28_22_019Z-debug-0.log
26 timing npm:load:logFile Completed in 149ms
27 timing npm:load:timers Completed in 0ms
28 timing npm:load:configScope Completed in 1ms
29 timing npm:load Completed in 484ms
30 timing command:prefix Completed in 24ms
31 verbose exit 0
32 timing npm Completed in 562ms
33 info ok
