0 verbose cli C:\Program Files\nodejs\node.exe C:\Program Files\nodejs\node_modules\npm\bin\npm-cli.js
1 info using npm@9.6.7
2 info using node@v18.17.1
3 timing npm:load:whichnode Completed in 68ms
4 timing config:load:defaults Completed in 7ms
5 timing config:load:file:C:\Program Files\nodejs\node_modules\npm\npmrc Completed in 27ms
6 timing config:load:builtin Completed in 28ms
7 timing config:load:cli Completed in 14ms
8 timing config:load:env Completed in 3ms
9 timing config:load:file:C:\Users\Ndeye Nini\Desktop\mon site\.npmrc Completed in 1ms
10 timing config:load:project Completed in 9ms
11 timing config:load:file:C:\Users\Ndeye Nini\.npmrc Completed in 1ms
12 timing config:load:user Completed in 2ms
13 timing config:load:file:C:\Users\Ndeye Nini\AppData\Roaming\npm\etc\npmrc Completed in 3ms
14 timing config:load:global Completed in 4ms
15 timing config:load:setEnvs Completed in 4ms
16 timing config:load Completed in 73ms
17 timing npm:load:configload Completed in 74ms
18 timing npm:load:mkdirpcache Completed in 4ms
19 timing npm:load:mkdirplogs Completed in 1ms
20 verbose title npm start
21 verbose argv "start"
22 timing npm:load:setTitle Completed in 9ms
23 timing config:load:flatten Completed in 18ms
24 timing npm:load:display Completed in 23ms
25 verbose logfile logs-max:10 dir:C:\Users\Ndeye Nini\Desktop\mon site\Devnpm-repositorynpm-cache\_logs\2023-10-29T18_28_25_690Z-
26 verbose logfile C:\Users\Ndeye Nini\Desktop\mon site\Devnpm-repositorynpm-cache\_logs\2023-10-29T18_28_25_690Z-debug-0.log
27 timing npm:load:logFile Completed in 87ms
28 timing npm:load:timers Completed in 1ms
29 timing npm:load:configScope Completed in 0ms
30 timing npm:load Completed in 270ms
